2018-02-25 02:36:02 +0000 [MT] Initial pipeline context: <IDEDistributionProcessingPipelineContext: 0x7fcffc0b0220; archive(resolved)='<IDEArchive: 0x7fcffbec5fe0>', distributionTask(resolved)='2', distributionMethod(resolved)='<IDEDistributionMethodiOSEnterprise: 0x7fcffbdd8ce0>', team(resolved)='<IDEProvisioningBasicTeam 0x7fcffc012840: teamID: TKZ6NJZD4M, teamName: Shenzhen Kingnod Consulting Inc>'>
	Chain (11, self inclusive):
	<IDEDistributionProcessingPipelineContext: 0x7fcffc0b0220; archive = '<IDEArchive: 0x7fcffbec5fe0>', distributionMethod='<IDEDistributionMethodiOSEnterprise: 0x7fcffbdd8ce0>', team='<IDEProvisioningBasicTeam 0x7fcffc012840: teamID: TKZ6NJZD4M, teamName: Shenzhen Kingnod Consulting Inc>'>
	<IDEDistributionProcessingPipelineContext: 0x7fcffc0b6500; archive = '<IDEArchive: 0x7fcffbec5fe0>', distributionMethod='<IDEDistributionMethodiOSEnterprise: 0x7fcffbdd8ce0>', team='<IDEProvisioningBasicTeam 0x7fcffc012840: teamID: TKZ6NJZD4M, teamName: Shenzhen Kingnod Consulting Inc>'>
	<IDEDistributionContext: 0x7fcffc0b63c0; archive = '<IDEArchive: 0x7fcffbec5fe0>', distributionMethod='<IDEDistributionMethodiOSEnterprise: 0x7fcffbdd8ce0>', team='<IDEProvisioningBasicTeam 0x7fcffc012840: teamID: TKZ6NJZD4M, teamName: Shenzhen Kingnod Consulting Inc>'>
	<IDEDistributionContext: 0x7fcffc001b00; archive = '<IDEArchive: 0x7fcffbec5fe0>', distributionMethod='<IDEDistributionMethodiOSEnterprise: 0x7fcffbdd8ce0>', team='<IDEProvisioningBasicTeam 0x7fcffc012840: teamID: TKZ6NJZD4M, teamName: Shenzhen Kingnod Consulting Inc>'>
	<IDEDistributionContext: 0x7fcff97f4b80; archive = '<IDEArchive: 0x7fcffbec5fe0>', distributionMethod='<IDEDistributionMethodiOSEnterprise: 0x7fcffbdd8ce0>', team='<IDEProvisioningBasicTeam 0x7fcffc012840: teamID: TKZ6NJZD4M, teamName: Shenzhen Kingnod Consulting Inc>'>
	<IDEDistributionContext: 0x7fcffc000390; archive = '<IDEArchive: 0x7fcffbec5fe0>', distributionMethod='<IDEDistributionMethodiOSEnterprise: 0x7fcffbdd8ce0>', team='<IDEProvisioningBasicTeam 0x7fcffc012840: teamID: TKZ6NJZD4M, teamName: Shenzhen Kingnod Consulting Inc>'>
	<IDEDistributionContext: 0x7fcffc012500; archive = '<IDEArchive: 0x7fcffbec5fe0>', distributionMethod='<IDEDistributionMethodiOSEnterprise: 0x7fcffbdd8ce0>', team='<IDEProvisioningBasicTeam 0x7fcffc012840: teamID: TKZ6NJZD4M, teamName: Shenzhen Kingnod Consulting Inc>'>
	<IDEDistributionContext: 0x7fcffc010b80; archive = '<IDEArchive: 0x7fcffbec5fe0>', distributionMethod='<IDEDistributionMethodiOSEnterprise: 0x7fcffbdd8ce0>', team='<IDEProvisioningBasicTeam 0x7fcffc012840: teamID: TKZ6NJZD4M, teamName: Shenzhen Kingnod Consulting Inc>'>
	<IDEDistributionContext: 0x7fcffbed0480; archive = '<IDEArchive: 0x7fcffbec5fe0>', distributionMethod='<IDEDistributionMethodiOSEnterprise: 0x7fcffbdd8ce0>', team='<IDEProvisioningBasicTeam 0x7fcffc012840: teamID: TKZ6NJZD4M, teamName: Shenzhen Kingnod Consulting Inc>'>
	<IDEDistributionContext: 0x7fcffbddfa20; archive = '<IDEArchive: 0x7fcffbec5fe0>', distributionMethod='<IDEDistributionMethodiOSEnterprise: 0x7fcffbdd8ce0>', team='(null)'>
	<IDEDistributionContext: 0x7fcff97da440; archive = '<IDEArchive: 0x7fcffbec5fe0>', distributionMethod='(null)', team='(null)'>
</IDEDistributionProcessingPipelineContext: 0x7fcffc0b0220>
2018-02-25 02:36:02 +0000 [MT] Processing step: IDEDistributionCreateDestRootStep
2018-02-25 02:36:02 +0000 [MT] Processing step: IDEDistributionCopyItemStep
2018-02-25 02:36:02 +0000 [MT] Running /usr/bin/ditto '-V' '/Users/hb/Desktop/脚本/ios_package/code/build/Release-iphoneos/CorMobiApp.xcarchive/Products/Applications/CorMobiApp.app' '/var/folders/xz/xn6fl8nx30v2vhgwnrvh583r0000gn/T/XcodeDistPipeline.ec3/Root/Payload/CorMobiApp.app'
2018-02-25 02:36:02 +0000  >>> Copying /Users/hb/Desktop/脚本/ios_package/code/build/Release-iphoneos/CorMobiApp.xcarchive/Products/Applications/CorMobiApp.app 
2018-02-25 02:36:02 +0000  copying file ./_CodeSignature/CodeResources ... 
2018-02-25 02:36:02 +0000  12030 bytes for ./_CodeSignature/CodeResources
2018-02-25 02:36:02 +0000  copying file ./AppIcon60x60@3x.png ... 
2018-02-25 02:36:02 +0000  28704 bytes for ./AppIcon60x60@3x.png
copying file ./AppIcon72x72@2x~ipad.png ... 
2018-02-25 02:36:02 +0000  17036 bytes for ./AppIcon72x72@2x~ipad.png
2018-02-25 02:36:02 +0000  copying file ./AppIcon72x72~ipad.png ... 
2018-02-25 02:36:02 +0000  8623 bytes for ./AppIcon72x72~ipad.png
2018-02-25 02:36:02 +0000  copying file ./AppIcon76x76@2x~ipad.png ... 
2018-02-25 02:36:02 +0000  18279 bytes for ./AppIcon76x76@2x~ipad.png
copying file ./AppIcon76x76~ipad.png ... 
2018-02-25 02:36:02 +0000  9022 bytes for ./AppIcon76x76~ipad.png
2018-02-25 02:36:02 +0000  copying file ./archived-expanded-entitlements.xcent ... 
2018-02-25 02:36:02 +0000  181 bytes for ./archived-expanded-entitlements.xcent
copying file ./Assets.car ... 
2018-02-25 02:36:02 +0000  83672 bytes for ./Assets.car
2018-02-25 02:36:02 +0000  copying file ./Base.lproj/CorMobiAppLocalization.strings ... 
2018-02-25 02:36:02 +0000  843 bytes for ./Base.lproj/CorMobiAppLocalization.strings
2018-02-25 02:36:02 +0000  copying file ./Base.lproj/InfoPlist.strings ... 
2018-02-25 02:36:02 +0000  42 bytes for ./Base.lproj/InfoPlist.strings
copying file ./Base.lproj/Localizable.strings ... 
2018-02-25 02:36:02 +0000  328 bytes for ./Base.lproj/Localizable.strings
2018-02-25 02:36:02 +0000  copying file ./CorMobiApp ... 
2018-02-25 02:36:02 +0000  146752 bytes for ./CorMobiApp
2018-02-25 02:36:02 +0000  copying file ./embedded.mobileprovision ... 
2018-02-25 02:36:02 +0000  7436 bytes for ./embedded.mobileprovision
2018-02-25 02:36:02 +0000  copying file ./en.lproj/CorMobiAppLocalization.strings ... 
2018-02-25 02:36:02 +0000  1679 bytes for ./en.lproj/CorMobiAppLocalization.strings
copying file ./en.lproj/InfoPlist.strings ... 
2018-02-25 02:36:02 +0000  42 bytes for ./en.lproj/InfoPlist.strings
2018-02-25 02:36:02 +0000  copying file ./en.lproj/Localizable.strings ... 
2018-02-25 02:36:02 +0000  359 bytes for ./en.lproj/Localizable.strings
2018-02-25 02:36:02 +0000  copying file ./Info.plist ... 
2018-02-25 02:36:02 +0000  7887 bytes for ./Info.plist
copying file ./LaunchImage-1100-Portrait-2436h@3x.png ... 
2018-02-25 02:36:02 +0000  179852 bytes for ./LaunchImage-1100-Portrait-2436h@3x.png
copying file ./LaunchImage-568h@2x.png ... 
2018-02-25 02:36:02 +0000  35440 bytes for ./LaunchImage-568h@2x.png
copying file ./LaunchImage-700-568h@2x.png ... 
2018-02-25 02:36:02 +0000  35440 bytes for ./LaunchImage-700-568h@2x.png
copying file ./LaunchImage-700-Landscape@2x~ipad.png ... 
2018-02-25 02:36:02 +0000  86567 bytes for ./LaunchImage-700-Landscape@2x~ipad.png
2018-02-25 02:36:02 +0000  copying file ./LaunchImage-700-Landscape~ipad.png ... 
2018-02-25 02:36:02 +0000  34644 bytes for ./LaunchImage-700-Landscape~ipad.png
copying file ./LaunchImage-700-Portrait@2x~ipad.png ... 
2018-02-25 02:36:02 +0000  83801 bytes for ./LaunchImage-700-Portrait@2x~ipad.png
2018-02-25 02:36:02 +0000  copying file ./LaunchImage-700-Portrait~ipad.png ... 
2018-02-25 02:36:02 +0000  33898 bytes for ./LaunchImage-700-Portrait~ipad.png
copying file ./LaunchImage-700@2x.png ... 
2018-02-25 02:36:02 +0000  34647 bytes for ./LaunchImage-700@2x.png
copying file ./LaunchImage-800-667h@2x.png ... 
2018-02-25 02:36:02 +0000  38964 bytes for ./LaunchImage-800-667h@2x.png
copying file ./LaunchImage-800-Portrait-736h@3x.png ... 
2018-02-25 02:36:02 +0000  59111 bytes for ./LaunchImage-800-Portrait-736h@3x.png
2018-02-25 02:36:02 +0000  copying file ./LaunchImage-Landscape@2x~ipad.png ... 
2018-02-25 02:36:02 +0000  86567 bytes for ./LaunchImage-Landscape@2x~ipad.png
copying file ./LaunchImage-Landscape~ipad.png ... 
2018-02-25 02:36:02 +0000  34644 bytes for ./LaunchImage-Landscape~ipad.png
copying file ./LaunchImage-Portrait@2x~ipad.png ... 
2018-02-25 02:36:02 +0000  83801 bytes for ./LaunchImage-Portrait@2x~ipad.png
2018-02-25 02:36:02 +0000  copying file ./LaunchImage-Portrait~ipad.png ... 
2018-02-25 02:36:02 +0000  33898 bytes for ./LaunchImage-Portrait~ipad.png
copying file ./LaunchImage.png ... 
2018-02-25 02:36:02 +0000  14373 bytes for ./LaunchImage.png
2018-02-25 02:36:02 +0000  copying file ./LaunchImage@2x.png ... 
2018-02-25 02:36:02 +0000  34647 bytes for ./LaunchImage@2x.png
copying file ./PkgInfo ... 
2018-02-25 02:36:02 +0000  8 bytes for ./PkgInfo
2018-02-25 02:36:02 +0000 [MT] /usr/bin/ditto exited with 0
2018-02-25 02:36:02 +0000 [MT] Processing step: IDEDistributionEmbedProfileStep
2018-02-25 02:36:02 +0000 [MT] Processing step: IDEDistributionAppThinningPlistStep
2018-02-25 02:36:02 +0000 [MT] Skipping step: IDEDistributionAppThinningPlistStep because it said so
2018-02-25 02:36:02 +0000 [MT] Processing step: IDEDistributionCompileBitcodeStep
2018-02-25 02:36:02 +0000 [MT] Skipping step: IDEDistributionCompileBitcodeStep because it said so
2018-02-25 02:36:02 +0000 [MT] Processing step: IDEDistributionCodeSlimmingStep
2018-02-25 02:36:02 +0000 [MT] Processing step: IDEDistributionCopyBCSymbolMapsStep
2018-02-25 02:36:02 +0000 [MT] Skipping step: IDEDistributionCopyBCSymbolMapsStep because it said so
2018-02-25 02:36:02 +0000 [MT] Processing step: IDEDistributionSymbolsStep
2018-02-25 02:36:02 +0000 [MT] Skipping step: IDEDistributionSymbolsStep because it said so
2018-02-25 02:36:02 +0000 [MT] Processing step: IDEDistributionAppThinningStep
2018-02-25 02:36:02 +0000 [MT] Skipping step: IDEDistributionAppThinningStep because it said so
2018-02-25 02:36:02 +0000 [MT] Processing step: IDEDistributionODRStep
2018-02-25 02:36:02 +0000 [MT] Processing step: IDEDistributionStripXattrsStep
2018-02-25 02:36:02 +0000 [MT] Running /usr/bin/xattr '-crs' '/var/folders/xz/xn6fl8nx30v2vhgwnrvh583r0000gn/T/XcodeDistPipeline.ec3/Root/Payload/CorMobiApp.app'
2018-02-25 02:36:02 +0000 [MT] /usr/bin/xattr exited with 0
2018-02-25 02:36:02 +0000 [MT] Processing step: IDEDistributionCodesignStep
2018-02-25 02:36:02 +0000 [MT] Applying entitlements delta for <IDEDistributionItem: 0x7fcffbed8b50 'com.KND.test.t001' '<DVTFilePath:0x7fcffbec6480:'/Users/hb/Desktop/脚本/ios_package/code/build/Release-iphoneos/CorMobiApp.xcarchive/Products/Applications/CorMobiApp.app'>'> from <IDEiCloudEntitlementsProcessor: 0x7fcffbeebf70>: {
}
2018-02-25 02:36:02 +0000 [MT] Entitlements for <IDEDistributionItem: 0x7fcffbed8b50 'com.KND.test.t001' '<DVTFilePath:0x7fcffbec6480:'/Users/hb/Desktop/脚本/ios_package/code/build/Release-iphoneos/CorMobiApp.xcarchive/Products/Applications/CorMobiApp.app'>'>: {
    "application-identifier" = "TKZ6NJZD4M.com.KND.test.t001";
    "com.apple.developer.team-identifier" = TKZ6NJZD4M;
    "get-task-allow" = 0;
}
2018-02-25 02:36:02 +0000 [MT] Writing entitlements for <IDEDistributionItem: 0x7fcffbed8b50 'com.KND.test.t001' '<DVTFilePath:0x7fcffbec6480:'/Users/hb/Desktop/脚本/ios_package/code/build/Release-iphoneos/CorMobiApp.xcarchive/Products/Applications/CorMobiApp.app'>'> to: /var/folders/xz/xn6fl8nx30v2vhgwnrvh583r0000gn/T/XcodeDistPipeline.ec3/entitlements4i6PeX
2018-02-25 02:36:02 +0000 [MT] Running /usr/bin/codesign '-vvv' '--force' '--sign' 'CAFD4941E6180B75E428134C689D36FCCEA34C55' '--preserve-metadata=identifier,flags' '--entitlements' '/var/folders/xz/xn6fl8nx30v2vhgwnrvh583r0000gn/T/XcodeDistPipeline.ec3/entitlements4i6PeX' '/var/folders/xz/xn6fl8nx30v2vhgwnrvh583r0000gn/T/XcodeDistPipeline.ec3/Root/Payload/CorMobiApp.app'
2018-02-25 02:36:02 +0000  /var/folders/xz/xn6fl8nx30v2vhgwnrvh583r0000gn/T/XcodeDistPipeline.ec3/Root/Payload/CorMobiApp.app: replacing existing signature
2018-02-25 02:36:02 +0000  /var/folders/xz/xn6fl8nx30v2vhgwnrvh583r0000gn/T/XcodeDistPipeline.ec3/Root/Payload/CorMobiApp.app: signed app bundle with Mach-O universal (armv7 arm64) [com.KND.test.t001]
2018-02-25 02:36:02 +0000 [MT] /usr/bin/codesign exited with 0
2018-02-25 02:36:02 +0000 [MT] Processing step: IDEDistributionStreamingZipItemStep
2018-02-25 02:36:02 +0000 [MT] Skipping step: IDEDistributionStreamingZipItemStep because it said so
2018-02-25 02:36:02 +0000 [MT] Processing step: IDEDistributionCreateIPAStep
2018-02-25 02:36:02 +0000 [MT] Running /usr/bin/ditto '-V' '-c' '-k' '--norsrc' '/var/folders/xz/xn6fl8nx30v2vhgwnrvh583r0000gn/T/XcodeDistPipeline.ec3/Root' '/var/folders/xz/xn6fl8nx30v2vhgwnrvh583r0000gn/T/XcodeDistPipeline.ec3/Packages/CorMobiApp.ipa'
2018-02-25 02:36:02 +0000  >>> Copying /var/folders/xz/xn6fl8nx30v2vhgwnrvh583r0000gn/T/XcodeDistPipeline.ec3/Root 
2018-02-25 02:36:02 +0000  copying file ./Payload/CorMobiApp.app/_CodeSignature/CodeResources ... 
2018-02-25 02:36:02 +0000  12030 bytes for ./Payload/CorMobiApp.app/_CodeSignature/CodeResources
2018-02-25 02:36:02 +0000  copying file ./Payload/CorMobiApp.app/AppIcon60x60@3x.png ... 
2018-02-25 02:36:02 +0000  28704 bytes for ./Payload/CorMobiApp.app/AppIcon60x60@3x.png
copying file ./Payload/CorMobiApp.app/AppIcon72x72@2x~ipad.png ... 
2018-02-25 02:36:02 +0000  17036 bytes for ./Payload/CorMobiApp.app/AppIcon72x72@2x~ipad.png
copying file ./Payload/CorMobiApp.app/AppIcon72x72~ipad.png ... 
2018-02-25 02:36:02 +0000  8623 bytes for ./Payload/CorMobiApp.app/AppIcon72x72~ipad.png
copying file ./Payload/CorMobiApp.app/AppIcon76x76@2x~ipad.png ... 
2018-02-25 02:36:02 +0000  18279 bytes for ./Payload/CorMobiApp.app/AppIcon76x76@2x~ipad.png
copying file ./Payload/CorMobiApp.app/AppIcon76x76~ipad.png ... 
2018-02-25 02:36:02 +0000  9022 bytes for ./Payload/CorMobiApp.app/AppIcon76x76~ipad.png
copying file ./Payload/CorMobiApp.app/archived-expanded-entitlements.xcent ... 
2018-02-25 02:36:02 +0000  181 bytes for ./Payload/CorMobiApp.app/archived-expanded-entitlements.xcent
copying file ./Payload/CorMobiApp.app/Assets.car ... 
2018-02-25 02:36:02 +0000  83672 bytes for ./Payload/CorMobiApp.app/Assets.car
2018-02-25 02:36:02 +0000  copying file ./Payload/CorMobiApp.app/Base.lproj/CorMobiAppLocalization.strings ... 
2018-02-25 02:36:02 +0000  843 bytes for ./Payload/CorMobiApp.app/Base.lproj/CorMobiAppLocalization.strings
copying file ./Payload/CorMobiApp.app/Base.lproj/InfoPlist.strings ... 
2018-02-25 02:36:02 +0000  42 bytes for ./Payload/CorMobiApp.app/Base.lproj/InfoPlist.strings
copying file ./Payload/CorMobiApp.app/Base.lproj/Localizable.strings ... 
328 bytes for ./Payload/CorMobiApp.app/Base.lproj/Localizable.strings
2018-02-25 02:36:02 +0000  copying file ./Payload/CorMobiApp.app/CorMobiApp ... 
2018-02-25 02:36:02 +0000  146752 bytes for ./Payload/CorMobiApp.app/CorMobiApp
copying file ./Payload/CorMobiApp.app/embedded.mobileprovision ... 
2018-02-25 02:36:02 +0000  7436 bytes for ./Payload/CorMobiApp.app/embedded.mobileprovision
2018-02-25 02:36:02 +0000  copying file ./Payload/CorMobiApp.app/en.lproj/CorMobiAppLocalization.strings ... 
2018-02-25 02:36:02 +0000  1679 bytes for ./Payload/CorMobiApp.app/en.lproj/CorMobiAppLocalization.strings
copying file ./Payload/CorMobiApp.app/en.lproj/InfoPlist.strings ... 
2018-02-25 02:36:02 +0000  42 bytes for ./Payload/CorMobiApp.app/en.lproj/InfoPlist.strings
copying file ./Payload/CorMobiApp.app/en.lproj/Localizable.strings ... 
359 bytes for ./Payload/CorMobiApp.app/en.lproj/Localizable.strings
2018-02-25 02:36:02 +0000  copying file ./Payload/CorMobiApp.app/Info.plist ... 
2018-02-25 02:36:02 +0000  7887 bytes for ./Payload/CorMobiApp.app/Info.plist
copying file ./Payload/CorMobiApp.app/LaunchImage-1100-Portrait-2436h@3x.png ... 
2018-02-25 02:36:02 +0000  179852 bytes for ./Payload/CorMobiApp.app/LaunchImage-1100-Portrait-2436h@3x.png
copying file ./Payload/CorMobiApp.app/LaunchImage-568h@2x.png ... 
2018-02-25 02:36:02 +0000  35440 bytes for ./Payload/CorMobiApp.app/LaunchImage-568h@2x.png
copying file ./Payload/CorMobiApp.app/LaunchImage-700-568h@2x.png ... 
2018-02-25 02:36:02 +0000  35440 bytes for ./Payload/CorMobiApp.app/LaunchImage-700-568h@2x.png
copying file ./Payload/CorMobiApp.app/LaunchImage-700-Landscape@2x~ipad.png ... 
2018-02-25 02:36:02 +0000  86567 bytes for ./Payload/CorMobiApp.app/LaunchImage-700-Landscape@2x~ipad.png
copying file ./Payload/CorMobiApp.app/LaunchImage-700-Landscape~ipad.png ... 
2018-02-25 02:36:02 +0000  34644 bytes for ./Payload/CorMobiApp.app/LaunchImage-700-Landscape~ipad.png
copying file ./Payload/CorMobiApp.app/LaunchImage-700-Portrait@2x~ipad.png ... 
2018-02-25 02:36:02 +0000  83801 bytes for ./Payload/CorMobiApp.app/LaunchImage-700-Portrait@2x~ipad.png
copying file ./Payload/CorMobiApp.app/LaunchImage-700-Portrait~ipad.png ... 
2018-02-25 02:36:02 +0000  33898 bytes for ./Payload/CorMobiApp.app/LaunchImage-700-Portrait~ipad.png
copying file ./Payload/CorMobiApp.app/LaunchImage-700@2x.png ... 
2018-02-25 02:36:02 +0000  34647 bytes for ./Payload/CorMobiApp.app/LaunchImage-700@2x.png
copying file ./Payload/CorMobiApp.app/LaunchImage-800-667h@2x.png ... 
2018-02-25 02:36:02 +0000  38964 bytes for ./Payload/CorMobiApp.app/LaunchImage-800-667h@2x.png
copying file ./Payload/CorMobiApp.app/LaunchImage-800-Portrait-736h@3x.png ... 
2018-02-25 02:36:02 +0000  59111 bytes for ./Payload/CorMobiApp.app/LaunchImage-800-Portrait-736h@3x.png
copying file ./Payload/CorMobiApp.app/LaunchImage-Landscape@2x~ipad.png ... 
2018-02-25 02:36:02 +0000  86567 bytes for ./Payload/CorMobiApp.app/LaunchImage-Landscape@2x~ipad.png
copying file ./Payload/CorMobiApp.app/LaunchImage-Landscape~ipad.png ... 
2018-02-25 02:36:02 +0000  34644 bytes for ./Payload/CorMobiApp.app/LaunchImage-Landscape~ipad.png
copying file ./Payload/CorMobiApp.app/LaunchImage-Portrait@2x~ipad.png ... 
2018-02-25 02:36:02 +0000  83801 bytes for ./Payload/CorMobiApp.app/LaunchImage-Portrait@2x~ipad.png
copying file ./Payload/CorMobiApp.app/LaunchImage-Portrait~ipad.png ... 
2018-02-25 02:36:02 +0000  33898 bytes for ./Payload/CorMobiApp.app/LaunchImage-Portrait~ipad.png
copying file ./Payload/CorMobiApp.app/LaunchImage.png ... 
2018-02-25 02:36:02 +0000  14373 bytes for ./Payload/CorMobiApp.app/LaunchImage.png
copying file ./Payload/CorMobiApp.app/LaunchImage@2x.png ... 
2018-02-25 02:36:02 +0000  34647 bytes for ./Payload/CorMobiApp.app/LaunchImage@2x.png
copying file ./Payload/CorMobiApp.app/PkgInfo ... 
2018-02-25 02:36:02 +0000  8 bytes for ./Payload/CorMobiApp.app/PkgInfo
2018-02-25 02:36:02 +0000 [MT] /usr/bin/ditto exited with 0
2018-02-25 02:36:02 +0000 [MT] Processing step: IDEDistributionCreateManifestStep
